[07:07:52] [INIT] KubeJS 1902.6.2-build.3; MC 1902 forge
[07:07:52] [INIT] Loaded plugins:
[07:07:52] [INIT] - dev.latvian.mods.kubejs.forge.BuiltinKubeJSForgePlugin
[07:07:52] [INIT] - com.bobvaraioa.kubejspowah.KubeJSPowahPlugin
[07:07:52] [INIT] - com.bobvarioa.kubejsarsnouveau.KubeJSArsNouveauPlugin
[07:07:52] [INIT] - com.bobvarioa.kubejsprojecte.kubejs.KubeJSProjectEPlugin
[07:07:52] [INIT] - dev.latvian.mods.kubejs.create.KubeJSCreatePlugin
[07:07:52] [INIT] - dev.latvian.mods.kubejs.immersiveengineering.ImmersiveEngineeringKubeJSPlugin
[07:07:52] [INIT] - dev.latvian.kubejs.mekanism.MekanismKubeJSPlugin
[07:07:52] [INIT] - com.oierbravo.createmechanicalextruder.compat.kubejs.KubeJSCreateMechanicalExtruderPlugin
[07:07:52] [INIT] - com.oierbravo.create_mechanical_spawner.compat.kubejs.KubeJSCreateMechanicalSpawnerPlugin
[07:07:52] [INIT] - com.almostreliable.lootjs.kube.LootJSPlugin
[07:07:52] [INIT] - com.bobvarioa.kubejsbotanypots.KubeJSBotanyPotsPlugin
[07:07:52] [INIT] - com.almostreliable.ponderjs.PonderJSPlugin
[07:07:52] [INIT] - com.bobvarioa.kjsindustrialforegoing.KJSIndustrialForegoingPlugin
[07:07:53] [INFO] server_scripts:example.js:5: Hello, World! (Loaded server scripts)
[07:07:53] [INFO] Loaded script server_scripts:example.js in 0.001 s
[07:07:53] [INFO] Loaded script server_scripts:recipes.js in 0.014 s
[07:07:53] [INFO] Loaded 2/2 KubeJS server scripts in 0.036 s
[07:07:53] [INFO] Scripts loaded
[07:07:53] [INFO] Initializing recipe event...
[07:08:12] [INFO] Processing recipes...
[07:08:12] [WARN] Failed to parse recipe 'blue_skies:charoite_hoe[minecraft:crafting_shapeless]'! Falling back to vanilla: ItemStack 'result' can't be empty!
[07:08:12] [WARN] Failed to parse recipe 'create_sa:copper_pickaxe_recipe[minecraft:crafting_shapeless]'! Falling back to vanilla: ItemStack 'result' can't be empty!
[07:08:12] [WARN] Failed to parse recipe 'cp_tweaks:tools/copper/pickaxe[minecraft:crafting_shapeless]'! Falling back to vanilla: ItemStack 'result' can't be empty!
[07:08:12] [WARN] Failed to parse recipe 'blue_skies:pyrope_sword[minecraft:crafting_shapeless]'! Falling back to vanilla: ItemStack 'result' can't be empty!
[07:08:12] [WARN] Failed to parse recipe 'cp_tweaks:tools/zinc/shovel[minecraft:crafting_shapeless]'! Falling back to vanilla: ItemStack 'result' can't be empty!
[07:08:12] [WARN] Failed to parse recipe 'cp_tweaks:tools/desh/pickaxe[minecraft:crafting_shapeless]'! Falling back to vanilla: ItemStack 'result' can't be empty!
[07:08:12] [WARN] Failed to parse recipe 'blue_skies:diopside_shovel[minecraft:crafting_shapeless]'! Falling back to vanilla: ItemStack 'result' can't be empty!
[07:08:12] [WARN] Failed to parse recipe 'blue_skies:horizonite_pickaxe[minecraft:crafting_shapeless]'! Falling back to vanilla: ItemStack 'result' can't be empty!
[07:08:12] [WARN] Failed to parse recipe 'cp_tweaks:tools/calorite/hoe[minecraft:crafting_shapeless]'! Falling back to vanilla: ItemStack 'result' can't be empty!
[07:08:12] [WARN] Failed to parse recipe 'cp_tweaks:tools/calorite/sword[minecraft:crafting_shapeless]'! Falling back to vanilla: ItemStack 'result' can't be empty!
[07:08:12] [WARN] Failed to parse recipe 'blue_skies:diopside_sword[minecraft:crafting_shapeless]'! Falling back to vanilla: ItemStack 'result' can't be empty!
[07:08:12] [WARN] Failed to parse recipe 'create_sa:copper_shovel_recipe[minecraft:crafting_shapeless]'! Falling back to vanilla: ItemStack 'result' can't be empty!
[07:08:12] [WARN] Failed to parse recipe 'create_weaponry:melting/ventium[create:mixing]'! Falling back to vanilla: {"amount":100,"fluid":"create_weaponry:molten_ventium"} is not a valid fluid!
[07:08:12] [WARN] Failed to parse recipe 'cp_tweaks:tools/desh/sword[minecraft:crafting_shapeless]'! Falling back to vanilla: ItemStack 'result' can't be empty!
[07:08:12] [WARN] Failed to parse recipe 'cp_tweaks:tools/zinc/axe[minecraft:crafting_shapeless]'! Falling back to vanilla: ItemStack 'result' can't be empty!
[07:08:12] [WARN] Failed to parse recipe 'create_sa:copper_hoe_recipe[minecraft:crafting_shapeless]'! Falling back to vanilla: ItemStack 'result' can't be empty!
[07:08:12] [WARN] Failed to parse recipe 'blue_skies:charoite_pickaxe[minecraft:crafting_shapeless]'! Falling back to vanilla: ItemStack 'result' can't be empty!
[07:08:12] [WARN] Failed to parse recipe 'cp_tweaks:tools/calorite/pickaxe[minecraft:crafting_shapeless]'! Falling back to vanilla: ItemStack 'result' can't be empty!
[07:08:12] [WARN] Failed to parse recipe 'create_sa:zinc_shovel_recipe[minecraft:crafting_shapeless]'! Falling back to vanilla: ItemStack 'result' can't be empty!
[07:08:12] [WARN] Failed to parse recipe 'cp_tweaks:tools/calorite/axe[minecraft:crafting_shapeless]'! Falling back to vanilla: ItemStack 'result' can't be empty!
[07:08:13] [WARN] Failed to parse recipe 'create_sa:brass_shovel_recipe[minecraft:crafting_shapeless]'! Falling back to vanilla: ItemStack 'result' can't be empty!
[07:08:13] [WARN] Failed to parse recipe 'blue_skies:pyrope_shovel[minecraft:crafting_shapeless]'! Falling back to vanilla: ItemStack 'result' can't be empty!
[07:08:13] [WARN] Failed to parse recipe 'cp_tweaks:tools/zinc/hoe[minecraft:crafting_shapeless]'! Falling back to vanilla: ItemStack 'result' can't be empty!
[07:08:13] [WARN] Failed to parse recipe 'cp_tweaks:tools/brass/pickaxe[minecraft:crafting_shapeless]'! Falling back to vanilla: ItemStack 'result' can't be empty!
[07:08:13] [WARN] Failed to parse recipe 'create_sa:copper_axe_recipe[minecraft:crafting_shapeless]'! Falling back to vanilla: ItemStack 'result' can't be empty!
[07:08:13] [WARN] Failed to parse recipe 'cp_tweaks:tools/zinc/pickaxe[minecraft:crafting_shapeless]'! Falling back to vanilla: ItemStack 'result' can't be empty!
[07:08:13] [WARN] Failed to parse recipe 'blue_skies:horizonite_shovel[minecraft:crafting_shapeless]'! Falling back to vanilla: ItemStack 'result' can't be empty!
[07:08:13] [WARN] Failed to parse recipe 'blue_skies:aquite_shovel[minecraft:crafting_shapeless]'! Falling back to vanilla: ItemStack 'result' can't be empty!
[07:08:13] [WARN] Failed to parse recipe 'blue_skies:pyrope_hoe[minecraft:crafting_shapeless]'! Falling back to vanilla: ItemStack 'result' can't be empty!
[07:08:13] [WARN] Failed to parse recipe 'cp_tweaks:tools/desh/axe[minecraft:crafting_shapeless]'! Falling back to vanilla: ItemStack 'result' can't be empty!
[07:08:13] [WARN] Failed to parse recipe 'cp_tweaks:tools/steel/sword[minecraft:crafting_shapeless]'! Falling back to vanilla: ItemStack 'result' can't be empty!
[07:08:13] [WARN] Failed to parse recipe 'blue_skies:horizonite_sword[minecraft:crafting_shapeless]'! Falling back to vanilla: ItemStack 'result' can't be empty!
[07:08:13] [WARN] Failed to parse recipe 'alloyed:smithing/steel_sword[minecraft:crafting_shapeless]'! Falling back to vanilla: ItemStack 'result' can't be empty!
[07:08:13] [WARN] Failed to parse recipe 'create_weaponry:melting/ostrum[create:mixing]'! Falling back to vanilla: {"amount":100,"fluid":"create_weaponry:molten_ostrum"} is not a valid fluid!
[07:08:13] [WARN] Failed to parse recipe 'alloyed:smithing/steel_hoe[minecraft:crafting_shapeless]'! Falling back to vanilla: ItemStack 'result' can't be empty!
[07:08:13] [WARN] Failed to parse recipe 'create_sa:zinc_hoe_recipe[minecraft:crafting_shapeless]'! Falling back to vanilla: ItemStack 'result' can't be empty!
[07:08:13] [WARN] Failed to parse recipe 'ad_astra:steel_ingot_from_blasting_iron_ingot[minecraft:crafting_shapeless]'! Falling back to vanilla: ItemStack 'result' can't be empty!
[07:08:13] [WARN] Failed to parse recipe 'create_sa:brass_axe_recipe[minecraft:crafting_shapeless]'! Falling back to vanilla: ItemStack 'result' can't be empty!
[07:08:13] [WARN] Failed to parse recipe 'create_sa:zinc_sword_recipe[minecraft:crafting_shapeless]'! Falling back to vanilla: ItemStack 'result' can't be empty!
[07:08:13] [WARN] Failed to parse recipe 'cp_tweaks:tools/steel/hoe[minecraft:crafting_shapeless]'! Falling back to vanilla: ItemStack 'result' can't be empty!
[07:08:13] [WARN] Failed to parse recipe 'cp_tweaks:tools/copper/sword[minecraft:crafting_shapeless]'! Falling back to vanilla: ItemStack 'result' can't be empty!
[07:08:13] [WARN] Failed to parse recipe 'cp_tweaks:tools/steel/shovel[minecraft:crafting_shapeless]'! Falling back to vanilla: ItemStack 'result' can't be empty!
[07:08:13] [WARN] Failed to parse recipe 'cp_tweaks:tools/steel/axe[minecraft:crafting_shapeless]'! Falling back to vanilla: ItemStack 'result' can't be empty!
[07:08:13] [WARN] Failed to parse recipe 'blue_skies:pyrope_axe[minecraft:crafting_shapeless]'! Falling back to vanilla: ItemStack 'result' can't be empty!
[07:08:13] [WARN] Failed to parse recipe 'create_sa:brass_pickaxe_recipe[minecraft:crafting_shapeless]'! Falling back to vanilla: ItemStack 'result' can't be empty!
[07:08:13] [WARN] Failed to parse recipe 'cp_tweaks:tools/desh/hoe[minecraft:crafting_shapeless]'! Falling back to vanilla: ItemStack 'result' can't be empty!
[07:08:13] [WARN] Failed to parse recipe 'alloyed:smithing/steel_axe[minecraft:crafting_shapeless]'! Falling back to vanilla: ItemStack 'result' can't be empty!
[07:08:13] [WARN] Failed to parse recipe 'create_sa:brass_sword_recipe[minecraft:crafting_shapeless]'! Falling back to vanilla: ItemStack 'result' can't be empty!
[07:08:13] [WARN] Failed to parse recipe 'blue_skies:charoite_axe[minecraft:crafting_shapeless]'! Falling back to vanilla: ItemStack 'result' can't be empty!
[07:08:13] [WARN] Failed to parse recipe 'cp_tweaks:tools/brass/shovel[minecraft:crafting_shapeless]'! Falling back to vanilla: ItemStack 'result' can't be empty!
[07:08:13] [WARN] Failed to parse recipe 'blue_skies:aquite_axe[minecraft:crafting_shapeless]'! Falling back to vanilla: ItemStack 'result' can't be empty!
[07:08:13] [WARN] Failed to parse recipe 'cp_tweaks:tools/copper/hoe[minecraft:crafting_shapeless]'! Falling back to vanilla: ItemStack 'result' can't be empty!
[07:08:13] [WARN] Failed to parse recipe 'cp_tweaks:tools/desh/shovel[minecraft:crafting_shapeless]'! Falling back to vanilla: ItemStack 'result' can't be empty!
[07:08:13] [WARN] Failed to parse recipe 'blue_skies:aquite_pickaxe[minecraft:crafting_shapeless]'! Falling back to vanilla: ItemStack 'result' can't be empty!
[07:08:13] [WARN] Failed to parse recipe 'create_weaponry:melting/falsite[create:mixing]'! Falling back to vanilla: {"amount":100,"fluid":"create_weaponry:molten_falsite"} is not a valid fluid!
[07:08:13] [WARN] Failed to parse recipe 'create_sa:zinc_pickaxe_recipe[minecraft:crafting_shapeless]'! Falling back to vanilla: ItemStack 'result' can't be empty!
[07:08:13] [WARN] Failed to parse recipe 'alloyed:smithing/steel_shovel[minecraft:crafting_shapeless]'! Falling back to vanilla: ItemStack 'result' can't be empty!
[07:08:13] [WARN] Failed to parse recipe 'blue_skies:diopside_axe[minecraft:crafting_shapeless]'! Falling back to vanilla: ItemStack 'result' can't be empty!
[07:08:13] [WARN] Failed to parse recipe 'cp_tweaks:tools/copper/axe[minecraft:crafting_shapeless]'! Falling back to vanilla: ItemStack 'result' can't be empty!
[07:08:13] [WARN] Failed to parse recipe 'advancedperipherals:armor/smart_glasses_netherite[minecraft:smithing]'! Falling back to vanilla: ItemStack 'result' can't be empty!
[07:08:13] [WARN] Failed to parse recipe 'alloyed:smithing/steel_pickaxe[minecraft:crafting_shapeless]'! Falling back to vanilla: ItemStack 'result' can't be empty!
[07:08:13] [WARN] Failed to parse recipe 'create_sa:copper_sword_recipe[minecraft:crafting_shapeless]'! Falling back to vanilla: ItemStack 'result' can't be empty!
[07:08:13] [WARN] Failed to parse recipe 'blue_skies:diopside_hoe[minecraft:crafting_shapeless]'! Falling back to vanilla: ItemStack 'result' can't be empty!
[07:08:13] [WARN] Failed to parse recipe 'blue_skies:horizonite_hoe[minecraft:crafting_shapeless]'! Falling back to vanilla: ItemStack 'result' can't be empty!
[07:08:13] [WARN] Failed to parse recipe 'cp_tweaks:tools/zinc/sword[minecraft:crafting_shapeless]'! Falling back to vanilla: ItemStack 'result' can't be empty!
[07:08:13] [WARN] Failed to parse recipe 'blue_skies:charoite_shovel[minecraft:crafting_shapeless]'! Falling back to vanilla: ItemStack 'result' can't be empty!
[07:08:13] [WARN] Failed to parse recipe 'cp_tweaks:tools/steel/pickaxe[minecraft:crafting_shapeless]'! Falling back to vanilla: ItemStack 'result' can't be empty!
[07:08:13] [WARN] Failed to parse recipe 'cp_tweaks:tools/brass/axe[minecraft:crafting_shapeless]'! Falling back to vanilla: ItemStack 'result' can't be empty!
[07:08:13] [WARN] Failed to parse recipe 'cp_tweaks:tools/calorite/shovel[minecraft:crafting_shapeless]'! Falling back to vanilla: ItemStack 'result' can't be empty!
[07:08:13] [WARN] Failed to parse recipe 'blue_skies:aquite_sword[minecraft:crafting_shapeless]'! Falling back to vanilla: ItemStack 'result' can't be empty!
[07:08:13] [WARN] Failed to parse recipe 'blue_skies:pyrope_pickaxe[minecraft:crafting_shapeless]'! Falling back to vanilla: ItemStack 'result' can't be empty!
[07:08:13] [WARN] Failed to parse recipe 'blue_skies:charoite_sword[minecraft:crafting_shapeless]'! Falling back to vanilla: ItemStack 'result' can't be empty!
[07:08:13] [WARN] Failed to parse recipe 'blue_skies:horizonite_axe[minecraft:crafting_shapeless]'! Falling back to vanilla: ItemStack 'result' can't be empty!
[07:08:13] [WARN] Failed to parse recipe 'blue_skies:diopside_pickaxe[minecraft:crafting_shapeless]'! Falling back to vanilla: ItemStack 'result' can't be empty!
[07:08:13] [WARN] Failed to parse recipe 'blue_skies:aquite_hoe[minecraft:crafting_shapeless]'! Falling back to vanilla: ItemStack 'result' can't be empty!
[07:08:13] [WARN] Failed to parse recipe 'cp_tweaks:tools/brass/hoe[minecraft:crafting_shapeless]'! Falling back to vanilla: ItemStack 'result' can't be empty!
[07:08:13] [WARN] Failed to parse recipe 'create_sa:brass_hoe_recipe[minecraft:crafting_shapeless]'! Falling back to vanilla: ItemStack 'result' can't be empty!
[07:08:13] [WARN] Failed to parse recipe 'cp_tweaks:tools/copper/shovel[minecraft:crafting_shapeless]'! Falling back to vanilla: ItemStack 'result' can't be empty!
[07:08:13] [WARN] Failed to parse recipe 'create_sa:zinc_axe_recipe[minecraft:crafting_shapeless]'! Falling back to vanilla: ItemStack 'result' can't be empty!
[07:08:13] [WARN] Failed to parse recipe 'cp_tweaks:tools/brass/sword[minecraft:crafting_shapeless]'! Falling back to vanilla: ItemStack 'result' can't be empty!
[07:08:13] [INFO] Found 25144 recipes in 1.113 s
[07:08:13] [INFO] server_scripts:recipes.js:101: Hello! The recipe event has fired!
[07:08:13] [INFO] Posted recipe events in 38.52 ms
[07:08:13] [WARN] Error parsing recipe cp_tweaks:tools/desh/axe[minecraft:crafting_shapeless]: {"type":"minecraft:crafting_shapeless","ingredients":[{"item":"minecraft:air"}],"result":{"item":"minecraft:air"}}: com.google.gson.JsonSyntaxException: Invalid item: minecraft:air
[07:08:13] [WARN] Error parsing recipe cp_tweaks:tools/steel/sword[minecraft:crafting_shapeless]: {"type":"minecraft:crafting_shapeless","ingredients":[{"item":"minecraft:air"}],"result":{"item":"minecraft:air"}}: com.google.gson.JsonSyntaxException: Invalid item: minecraft:air
[07:08:13] [WARN] Error parsing recipe cp_tweaks:tools/steel/axe[minecraft:crafting_shapeless]: {"type":"minecraft:crafting_shapeless","ingredients":[{"item":"minecraft:air"}],"result":{"item":"minecraft:air"}}: com.google.gson.JsonSyntaxException: Invalid item: minecraft:air
[07:08:13] [WARN] Error parsing recipe cp_tweaks:tools/copper/axe[minecraft:crafting_shapeless]: {"type":"minecraft:crafting_shapeless","ingredients":[{"item":"minecraft:air"}],"result":{"item":"minecraft:air"}}: com.google.gson.JsonSyntaxException: Invalid item: minecraft:air
[07:08:13] [WARN] Error parsing recipe blue_skies:horizonite_sword[minecraft:crafting_shapeless]: {"type":"minecraft:crafting_shapeless","ingredients":[{"item":"create_weaponry:handle"},{"item":"create_weaponry:horizonite_sword_head"}],"result":{"item":"blue_skies:horizonite_sword"}}: com.google.gson.JsonSyntaxException: Unknown item 'blue_skies:horizonite_sword'
[07:08:13] [WARN] Error parsing recipe bellsandwhistles:pilots/polished_deepslate_pilot_from_cut[minecraft:crafting_shaped]: {"type":"crafting_shaped","category":"pilots","group":"stone_pilots","pattern":["   ","   ","   "],"key":{},"result":{"item":"bellsandwhistles:polished_deepslate_pilot"}}: java.lang.ArrayIndexOutOfBoundsException: Index 0 out of bounds for length 0
[07:08:13] [WARN] Error parsing recipe advancedperipherals:armor/smart_glasses_netherite[minecraft:smithing]: {"type":"minecraft:smithing","addition":{"tag":"forge:ingots/netherite"},"base":{"item":"advancedperipherals:smart_glasses"},"result":{"item":"advancedperipherals:smart_glasses_netherite"}}: com.google.gson.JsonSyntaxException: Unknown item 'advancedperipherals:smart_glasses'
[07:08:13] [WARN] Error parsing recipe cp_tweaks:tools/copper/hoe[minecraft:crafting_shapeless]: {"type":"minecraft:crafting_shapeless","ingredients":[{"item":"minecraft:air"}],"result":{"item":"minecraft:air"}}: com.google.gson.JsonSyntaxException: Invalid item: minecraft:air
[07:08:13] [WARN] Error parsing recipe cp_tweaks:tools/desh/pickaxe[minecraft:crafting_shapeless]: {"type":"minecraft:crafting_shapeless","ingredients":[{"item":"minecraft:air"}],"result":{"item":"minecraft:air"}}: com.google.gson.JsonSyntaxException: Invalid item: minecraft:air
[07:08:13] [WARN] Error parsing recipe cp_tweaks:tools/desh/shovel[minecraft:crafting_shapeless]: {"type":"minecraft:crafting_shapeless","ingredients":[{"item":"minecraft:air"}],"result":{"item":"minecraft:air"}}: com.google.gson.JsonSyntaxException: Invalid item: minecraft:air
[07:08:13] [WARN] Error parsing recipe blue_skies:pyrope_axe[minecraft:crafting_shapeless]: {"type":"minecraft:crafting_shapeless","ingredients":[{"item":"create_weaponry:handle"},{"item":"create_weaponry:pyrope_axe_head"}],"result":{"item":"blue_skies:pyrope_axe"}}: com.google.gson.JsonSyntaxException: Unknown item 'blue_skies:pyrope_axe'
[07:08:13] [WARN] Error parsing recipe blue_skies:aquite_pickaxe[minecraft:crafting_shapeless]: {"type":"minecraft:crafting_shapeless","ingredients":[{"item":"create_weaponry:handle"},{"item":"create_weaponry:aquite_pickaxe_head"}],"result":{"item":"blue_skies:aquite_pickaxe"}}: com.google.gson.JsonSyntaxException: Unknown item 'blue_skies:aquite_pickaxe'
[07:08:13] [WARN] Error parsing recipe cp_tweaks:tools/desh/sword[minecraft:crafting_shapeless]: {"type":"minecraft:crafting_shapeless","ingredients":[{"item":"minecraft:air"}],"result":{"item":"minecraft:air"}}: com.google.gson.JsonSyntaxException: Invalid item: minecraft:air
[07:08:13] [WARN] Error parsing recipe alloyed:smithing/steel_sword[minecraft:crafting_shapeless]: {"type":"minecraft:crafting_shapeless","ingredients":[{"item":"minecraft:air"}],"result":{"item":"minecraft:air"}}: com.google.gson.JsonSyntaxException: Invalid item: minecraft:air
[07:08:13] [WARN] Error parsing recipe alloyed:smithing/steel_shovel[minecraft:crafting_shapeless]: {"type":"minecraft:crafting_shapeless","ingredients":[{"item":"minecraft:air"}],"result":{"item":"minecraft:air"}}: com.google.gson.JsonSyntaxException: Invalid item: minecraft:air
[07:08:13] [WARN] Error parsing recipe blue_skies:diopside_shovel[minecraft:crafting_shapeless]: {"type":"minecraft:crafting_shapeless","ingredients":[{"item":"create_weaponry:handle"},{"item":"create_weaponry:diopside_shovel_head"}],"result":{"item":"blue_skies:diopside_shovel"}}: com.google.gson.JsonSyntaxException: Unknown item 'blue_skies:diopside_shovel'
[07:08:13] [WARN] Error parsing recipe blue_skies:horizonite_pickaxe[minecraft:crafting_shapeless]: {"type":"minecraft:crafting_shapeless","ingredients":[{"item":"create_weaponry:handle"},{"item":"create_weaponry:horizonite_pickaxe_head"}],"result":{"item":"blue_skies:horizonite_pickaxe"}}: com.google.gson.JsonSyntaxException: Unknown item 'blue_skies:horizonite_pickaxe'
[07:08:13] [WARN] Error parsing recipe alloyed:smithing/steel_hoe[minecraft:crafting_shapeless]: {"type":"minecraft:crafting_shapeless","ingredients":[{"item":"minecraft:air"}],"result":{"item":"minecraft:air"}}: com.google.gson.JsonSyntaxException: Invalid item: minecraft:air
[07:08:13] [WARN] Error parsing recipe cp_tweaks:tools/steel/hoe[minecraft:crafting_shapeless]: {"type":"minecraft:crafting_shapeless","ingredients":[{"item":"minecraft:air"}],"result":{"item":"minecraft:air"}}: com.google.gson.JsonSyntaxException: Invalid item: minecraft:air
[07:08:13] [WARN] Error parsing recipe blue_skies:pyrope_shovel[minecraft:crafting_shapeless]: {"type":"minecraft:crafting_shapeless","ingredients":[{"item":"create_weaponry:handle"},{"item":"create_weaponry:pyrope_shovel_head"}],"result":{"item":"blue_skies:pyrope_shovel"}}: com.google.gson.JsonSyntaxException: Unknown item 'blue_skies:pyrope_shovel'
[07:08:13] [WARN] Error parsing recipe cp_tweaks:tools/calorite/shovel[minecraft:crafting_shapeless]: {"type":"minecraft:crafting_shapeless","ingredients":[{"item":"minecraft:air"}],"result":{"item":"minecraft:air"}}: com.google.gson.JsonSyntaxException: Invalid item: minecraft:air
[07:08:13] [WARN] Error parsing recipe cp_tweaks:tools/zinc/hoe[minecraft:crafting_shapeless]: {"type":"minecraft:crafting_shapeless","ingredients":[{"item":"minecraft:air"}],"result":{"item":"minecraft:air"}}: com.google.gson.JsonSyntaxException: Invalid item: minecraft:air
[07:08:13] [WARN] Error parsing recipe blue_skies:diopside_axe[minecraft:crafting_shapeless]: {"type":"minecraft:crafting_shapeless","ingredients":[{"item":"create_weaponry:handle"},{"item":"create_weaponry:diopside_axe_head"}],"result":{"item":"blue_skies:diopside_axe"}}: com.google.gson.JsonSyntaxException: Unknown item 'blue_skies:diopside_axe'
[07:08:13] [WARN] Error parsing recipe cp_tweaks:tools/brass/pickaxe[minecraft:crafting_shapeless]: {"type":"minecraft:crafting_shapeless","ingredients":[{"item":"minecraft:air"}],"result":{"item":"minecraft:air"}}: com.google.gson.JsonSyntaxException: Invalid item: minecraft:air
[07:08:13] [WARN] Error parsing recipe create_sa:copper_axe_recipe[minecraft:crafting_shapeless]: {"type":"minecraft:crafting_shapeless","ingredients":[{"item":"minecraft:air"}],"result":{"item":"minecraft:air"}}: com.google.gson.JsonSyntaxException: Invalid item: minecraft:air
[07:08:13] [WARN] Error parsing recipe cp_tweaks:tools/copper/sword[minecraft:crafting_shapeless]: {"type":"minecraft:crafting_shapeless","ingredients":[{"item":"minecraft:air"}],"result":{"item":"minecraft:air"}}: com.google.gson.JsonSyntaxException: Invalid item: minecraft:air
[07:08:13] [WARN] Error parsing recipe cp_tweaks:tools/steel/shovel[minecraft:crafting_shapeless]: {"type":"minecraft:crafting_shapeless","ingredients":[{"item":"minecraft:air"}],"result":{"item":"minecraft:air"}}: com.google.gson.JsonSyntaxException: Invalid item: minecraft:air
[07:08:13] [WARN] Error parsing recipe blue_skies:aquite_axe[minecraft:crafting_shapeless]: {"type":"minecraft:crafting_shapeless","ingredients":[{"item":"create_weaponry:handle"},{"item":"create_weaponry:aquite_axe_head"}],"result":{"item":"blue_skies:aquite_axe"}}: com.google.gson.JsonSyntaxException: Unknown item 'blue_skies:aquite_axe'
[07:08:13] [WARN] Error parsing recipe blue_skies:pyrope_sword[minecraft:crafting_shapeless]: {"type":"minecraft:crafting_shapeless","ingredients":[{"item":"create_weaponry:handle"},{"item":"create_weaponry:pyrope_sword_head"}],"result":{"item":"blue_skies:pyrope_sword"}}: com.google.gson.JsonSyntaxException: Unknown item 'blue_skies:pyrope_sword'
[07:08:13] [WARN] Error parsing recipe cp_tweaks:tools/zinc/pickaxe[minecraft:crafting_shapeless]: {"type":"minecraft:crafting_shapeless","ingredients":[{"item":"minecraft:air"}],"result":{"item":"minecraft:air"}}: com.google.gson.JsonSyntaxException: Invalid item: minecraft:air
[07:08:13] [WARN] Error parsing recipe create_sa:brass_shovel_recipe[minecraft:crafting_shapeless]: {"type":"minecraft:crafting_shapeless","ingredients":[{"item":"minecraft:air"}],"result":{"item":"minecraft:air"}}: com.google.gson.JsonSyntaxException: Invalid item: minecraft:air
[07:08:13] [WARN] Error parsing recipe cp_tweaks:tools/zinc/shovel[minecraft:crafting_shapeless]: {"type":"minecraft:crafting_shapeless","ingredients":[{"item":"minecraft:air"}],"result":{"item":"minecraft:air"}}: com.google.gson.JsonSyntaxException: Invalid item: minecraft:air
[07:08:13] [WARN] Error parsing recipe create_sa:copper_sword_recipe[minecraft:crafting_shapeless]: {"type":"minecraft:crafting_shapeless","ingredients":[{"item":"minecraft:air"}],"result":{"item":"minecraft:air"}}: com.google.gson.JsonSyntaxException: Invalid item: minecraft:air
[07:08:13] [WARN] Error parsing recipe blue_skies:horizonite_shovel[minecraft:crafting_shapeless]: {"type":"minecraft:crafting_shapeless","ingredients":[{"item":"create_weaponry:handle"},{"item":"create_weaponry:horizonite_shovel_head"}],"result":{"item":"blue_skies:horizonite_shovel"}}: com.google.gson.JsonSyntaxException: Unknown item 'blue_skies:horizonite_shovel'
[07:08:13] [WARN] Error parsing recipe blue_skies:aquite_shovel[minecraft:crafting_shapeless]: {"type":"minecraft:crafting_shapeless","ingredients":[{"item":"create_weaponry:handle"},{"item":"create_weaponry:aquite_shovel_head"}],"result":{"item":"blue_skies:aquite_shovel"}}: com.google.gson.JsonSyntaxException: Unknown item 'blue_skies:aquite_shovel'
[07:08:13] [WARN] Error parsing recipe create_sa:brass_pickaxe_recipe[minecraft:crafting_shapeless]: {"type":"minecraft:crafting_shapeless","ingredients":[{"item":"minecraft:air"}],"result":{"item":"minecraft:air"}}: com.google.gson.JsonSyntaxException: Invalid item: minecraft:air
[07:08:13] [WARN] Error parsing recipe blue_skies:pyrope_hoe[minecraft:crafting_shapeless]: {"type":"minecraft:crafting_shapeless","ingredients":[{"item":"create_weaponry:handle"},{"item":"create_weaponry:pyrope_hoe_head"}],"result":{"item":"blue_skies:pyrope_hoe"}}: com.google.gson.JsonSyntaxException: Unknown item 'blue_skies:pyrope_hoe'
[07:08:13] [WARN] Error parsing recipe cp_tweaks:tools/desh/hoe[minecraft:crafting_shapeless]: {"type":"minecraft:crafting_shapeless","ingredients":[{"item":"minecraft:air"}],"result":{"item":"minecraft:air"}}: com.google.gson.JsonSyntaxException: Invalid item: minecraft:air
[07:08:13] [WARN] Error parsing recipe cp_tweaks:tools/calorite/hoe[minecraft:crafting_shapeless]: {"type":"minecraft:crafting_shapeless","ingredients":[{"item":"minecraft:air"}],"result":{"item":"minecraft:air"}}: com.google.gson.JsonSyntaxException: Invalid item: minecraft:air
[07:08:13] [WARN] Error parsing recipe create_sa:zinc_hoe_recipe[minecraft:crafting_shapeless]: {"type":"minecraft:crafting_shapeless","ingredients":[{"item":"minecraft:air"}],"result":{"item":"minecraft:air"}}: com.google.gson.JsonSyntaxException: Invalid item: minecraft:air
[07:08:13] [WARN] Error parsing recipe cp_tweaks:tools/calorite/sword[minecraft:crafting_shapeless]: {"type":"minecraft:crafting_shapeless","ingredients":[{"item":"minecraft:air"}],"result":{"item":"minecraft:air"}}: com.google.gson.JsonSyntaxException: Invalid item: minecraft:air
[07:08:13] [WARN] Error parsing recipe alloyed:smithing/steel_axe[minecraft:crafting_shapeless]: {"type":"minecraft:crafting_shapeless","ingredients":[{"item":"minecraft:air"}],"result":{"item":"minecraft:air"}}: com.google.gson.JsonSyntaxException: Invalid item: minecraft:air
[07:08:13] [WARN] Error parsing recipe create_sa:zinc_pickaxe_recipe[minecraft:crafting_shapeless]: {"type":"minecraft:crafting_shapeless","ingredients":[{"item":"minecraft:air"}],"result":{"item":"minecraft:air"}}: com.google.gson.JsonSyntaxException: Invalid item: minecraft:air
[07:08:13] [WARN] Error parsing recipe create_sa:brass_sword_recipe[minecraft:crafting_shapeless]: {"type":"minecraft:crafting_shapeless","ingredients":[{"item":"minecraft:air"}],"result":{"item":"minecraft:air"}}: com.google.gson.JsonSyntaxException: Invalid item: minecraft:air
[07:08:13] [WARN] Error parsing recipe cp_tweaks:tools/brass/sword[minecraft:crafting_shapeless]: {"type":"minecraft:crafting_shapeless","ingredients":[{"item":"minecraft:air"}],"result":{"item":"minecraft:air"}}: com.google.gson.JsonSyntaxException: Invalid item: minecraft:air
[07:08:13] [WARN] Error parsing recipe blue_skies:diopside_hoe[minecraft:crafting_shapeless]: {"type":"minecraft:crafting_shapeless","ingredients":[{"item":"create_weaponry:handle"},{"item":"create_weaponry:diopside_hoe_head"}],"result":{"item":"blue_skies:diopside_hoe"}}: com.google.gson.JsonSyntaxException: Unknown item 'blue_skies:diopside_hoe'
[07:08:13] [WARN] Error parsing recipe blue_skies:charoite_axe[minecraft:crafting_shapeless]: {"type":"minecraft:crafting_shapeless","ingredients":[{"item":"create_weaponry:handle"},{"item":"create_weaponry:charoite_axe_head"}],"result":{"item":"blue_skies:charoite_axe"}}: com.google.gson.JsonSyntaxException: Unknown item 'blue_skies:charoite_axe'
[07:08:13] [WARN] Error parsing recipe blue_skies:diopside_sword[minecraft:crafting_shapeless]: {"type":"minecraft:crafting_shapeless","ingredients":[{"item":"create_weaponry:handle"},{"item":"create_weaponry:diopside_sword_head"}],"result":{"item":"blue_skies:diopside_sword"}}: com.google.gson.JsonSyntaxException: Unknown item 'blue_skies:diopside_sword'
[07:08:14] [WARN] Error parsing recipe ad_astra:steel_ingot_from_blasting_iron_ingot[minecraft:crafting_shapeless]: {"type":"minecraft:crafting_shapeless","ingredients":[],"result":{}}: com.google.gson.JsonParseException: No ingredients for shapeless recipe
[07:08:14] [WARN] Error parsing recipe create_sa:brass_axe_recipe[minecraft:crafting_shapeless]: {"type":"minecraft:crafting_shapeless","ingredients":[{"item":"minecraft:air"}],"result":{"item":"minecraft:air"}}: com.google.gson.JsonSyntaxException: Invalid item: minecraft:air
[07:08:14] [WARN] Error parsing recipe create_sa:zinc_sword_recipe[minecraft:crafting_shapeless]: {"type":"minecraft:crafting_shapeless","ingredients":[{"item":"minecraft:air"}],"result":{"item":"minecraft:air"}}: com.google.gson.JsonSyntaxException: Invalid item: minecraft:air
[07:08:14] [WARN] Error parsing recipe create_sa:copper_shovel_recipe[minecraft:crafting_shapeless]: {"type":"minecraft:crafting_shapeless","ingredients":[{"item":"minecraft:air"}],"result":{"item":"minecraft:air"}}: com.google.gson.JsonSyntaxException: Invalid item: minecraft:air
[07:08:14] [WARN] Error parsing recipe blue_skies:diopside_pickaxe[minecraft:crafting_shapeless]: {"type":"minecraft:crafting_shapeless","ingredients":[{"item":"create_weaponry:handle"},{"item":"create_weaponry:diopside_pickaxe_head"}],"result":{"item":"blue_skies:diopside_pickaxe"}}: com.google.gson.JsonSyntaxException: Unknown item 'blue_skies:diopside_pickaxe'
[07:08:14] [WARN] Error parsing recipe alloyed:smithing/steel_pickaxe[minecraft:crafting_shapeless]: {"type":"minecraft:crafting_shapeless","ingredients":[{"item":"minecraft:air"}],"result":{"item":"minecraft:air"}}: com.google.gson.JsonSyntaxException: Invalid item: minecraft:air
[07:08:14] [WARN] Error parsing recipe cp_tweaks:tools/zinc/axe[minecraft:crafting_shapeless]: {"type":"minecraft:crafting_shapeless","ingredients":[{"item":"minecraft:air"}],"result":{"item":"minecraft:air"}}: com.google.gson.JsonSyntaxException: Invalid item: minecraft:air
[07:08:14] [WARN] Error parsing recipe blue_skies:aquite_hoe[minecraft:crafting_shapeless]: {"type":"minecraft:crafting_shapeless","ingredients":[{"item":"create_weaponry:handle"},{"item":"create_weaponry:aquite_hoe_head"}],"result":{"item":"blue_skies:aquite_hoe"}}: com.google.gson.JsonSyntaxException: Unknown item 'blue_skies:aquite_hoe'
[07:08:14] [WARN] Error parsing recipe blue_skies:charoite_hoe[minecraft:crafting_shapeless]: {"type":"minecraft:crafting_shapeless","ingredients":[{"item":"create_weaponry:handle"},{"item":"create_weaponry:charoite_hoe_head"}],"result":{"item":"blue_skies:charoite_hoe"}}: com.google.gson.JsonSyntaxException: Unknown item 'blue_skies:charoite_hoe'
[07:08:14] [WARN] Error parsing recipe create_sa:copper_hoe_recipe[minecraft:crafting_shapeless]: {"type":"minecraft:crafting_shapeless","ingredients":[{"item":"minecraft:air"}],"result":{"item":"minecraft:air"}}: com.google.gson.JsonSyntaxException: Invalid item: minecraft:air
[07:08:14] [WARN] Error parsing recipe cp_tweaks:tools/brass/shovel[minecraft:crafting_shapeless]: {"type":"minecraft:crafting_shapeless","ingredients":[{"item":"minecraft:air"}],"result":{"item":"minecraft:air"}}: com.google.gson.JsonSyntaxException: Invalid item: minecraft:air
[07:08:14] [WARN] Error parsing recipe create_sa:copper_pickaxe_recipe[minecraft:crafting_shapeless]: {"type":"minecraft:crafting_shapeless","ingredients":[{"item":"minecraft:air"}],"result":{"item":"minecraft:air"}}: com.google.gson.JsonSyntaxException: Invalid item: minecraft:air
[07:08:14] [WARN] Error parsing recipe blue_skies:charoite_pickaxe[minecraft:crafting_shapeless]: {"type":"minecraft:crafting_shapeless","ingredients":[{"item":"create_weaponry:handle"},{"item":"create_weaponry:charoite_pickaxe_head"}],"result":{"item":"blue_skies:charoite_pickaxe"}}: com.google.gson.JsonSyntaxException: Unknown item 'blue_skies:charoite_pickaxe'
[07:08:14] [WARN] Error parsing recipe blue_skies:aquite_sword[minecraft:crafting_shapeless]: {"type":"minecraft:crafting_shapeless","ingredients":[{"item":"create_weaponry:handle"},{"item":"create_weaponry:aquite_sword_head"}],"result":{"item":"blue_skies:aquite_sword"}}: com.google.gson.JsonSyntaxException: Unknown item 'blue_skies:aquite_sword'
[07:08:14] [WARN] Error parsing recipe cp_tweaks:tools/brass/hoe[minecraft:crafting_shapeless]: {"type":"minecraft:crafting_shapeless","ingredients":[{"item":"minecraft:air"}],"result":{"item":"minecraft:air"}}: com.google.gson.JsonSyntaxException: Invalid item: minecraft:air
[07:08:14] [WARN] Error parsing recipe blue_skies:pyrope_pickaxe[minecraft:crafting_shapeless]: {"type":"minecraft:crafting_shapeless","ingredients":[{"item":"create_weaponry:handle"},{"item":"create_weaponry:pyrope_pickaxe_head"}],"result":{"item":"blue_skies:pyrope_pickaxe"}}: com.google.gson.JsonSyntaxException: Unknown item 'blue_skies:pyrope_pickaxe'
[07:08:14] [WARN] Error parsing recipe create_sa:brass_hoe_recipe[minecraft:crafting_shapeless]: {"type":"minecraft:crafting_shapeless","ingredients":[{"item":"minecraft:air"}],"result":{"item":"minecraft:air"}}: com.google.gson.JsonSyntaxException: Invalid item: minecraft:air
[07:08:14] [WARN] Error parsing recipe blue_skies:charoite_sword[minecraft:crafting_shapeless]: {"type":"minecraft:crafting_shapeless","ingredients":[{"item":"create_weaponry:handle"},{"item":"create_weaponry:charoite_sword_head"}],"result":{"item":"blue_skies:charoite_sword"}}: com.google.gson.JsonSyntaxException: Unknown item 'blue_skies:charoite_sword'
[07:08:14] [WARN] Error parsing recipe blue_skies:horizonite_hoe[minecraft:crafting_shapeless]: {"type":"minecraft:crafting_shapeless","ingredients":[{"item":"create_weaponry:handle"},{"item":"create_weaponry:horizonite_hoe_head"}],"result":{"item":"blue_skies:horizonite_hoe"}}: com.google.gson.JsonSyntaxException: Unknown item 'blue_skies:horizonite_hoe'
[07:08:14] [WARN] Error parsing recipe cp_tweaks:tools/calorite/pickaxe[minecraft:crafting_shapeless]: {"type":"minecraft:crafting_shapeless","ingredients":[{"item":"minecraft:air"}],"result":{"item":"minecraft:air"}}: com.google.gson.JsonSyntaxException: Invalid item: minecraft:air
[07:08:14] [WARN] Error parsing recipe blue_skies:charoite_shovel[minecraft:crafting_shapeless]: {"type":"minecraft:crafting_shapeless","ingredients":[{"item":"create_weaponry:handle"},{"item":"create_weaponry:charoite_shovel_head"}],"result":{"item":"blue_skies:charoite_shovel"}}: com.google.gson.JsonSyntaxException: Unknown item 'blue_skies:charoite_shovel'
[07:08:14] [WARN] Error parsing recipe create_sa:zinc_shovel_recipe[minecraft:crafting_shapeless]: {"type":"minecraft:crafting_shapeless","ingredients":[{"item":"minecraft:air"}],"result":{"item":"minecraft:air"}}: com.google.gson.JsonSyntaxException: Invalid item: minecraft:air
[07:08:14] [WARN] Error parsing recipe blue_skies:horizonite_axe[minecraft:crafting_shapeless]: {"type":"minecraft:crafting_shapeless","ingredients":[{"item":"create_weaponry:handle"},{"item":"create_weaponry:horizonite_axe_head"}],"result":{"item":"blue_skies:horizonite_axe"}}: com.google.gson.JsonSyntaxException: Unknown item 'blue_skies:horizonite_axe'
[07:08:14] [WARN] Error parsing recipe cp_tweaks:tools/steel/pickaxe[minecraft:crafting_shapeless]: {"type":"minecraft:crafting_shapeless","ingredients":[{"item":"minecraft:air"}],"result":{"item":"minecraft:air"}}: com.google.gson.JsonSyntaxException: Invalid item: minecraft:air
[07:08:14] [WARN] Error parsing recipe cp_tweaks:tools/calorite/axe[minecraft:crafting_shapeless]: {"type":"minecraft:crafting_shapeless","ingredients":[{"item":"minecraft:air"}],"result":{"item":"minecraft:air"}}: com.google.gson.JsonSyntaxException: Invalid item: minecraft:air
[07:08:14] [WARN] Error parsing recipe cp_tweaks:tools/brass/axe[minecraft:crafting_shapeless]: {"type":"minecraft:crafting_shapeless","ingredients":[{"item":"minecraft:air"}],"result":{"item":"minecraft:air"}}: com.google.gson.JsonSyntaxException: Invalid item: minecraft:air
[07:08:14] [WARN] Error parsing recipe cp_tweaks:tools/copper/pickaxe[minecraft:crafting_shapeless]: {"type":"minecraft:crafting_shapeless","ingredients":[{"item":"minecraft:air"}],"result":{"item":"minecraft:air"}}: com.google.gson.JsonSyntaxException: Invalid item: minecraft:air
[07:08:14] [WARN] Error parsing recipe cp_tweaks:tools/copper/shovel[minecraft:crafting_shapeless]: {"type":"minecraft:crafting_shapeless","ingredients":[{"item":"minecraft:air"}],"result":{"item":"minecraft:air"}}: com.google.gson.JsonSyntaxException: Invalid item: minecraft:air
[07:08:14] [WARN] Error parsing recipe cp_tweaks:tools/zinc/sword[minecraft:crafting_shapeless]: {"type":"minecraft:crafting_shapeless","ingredients":[{"item":"minecraft:air"}],"result":{"item":"minecraft:air"}}: com.google.gson.JsonSyntaxException: Invalid item: minecraft:air
[07:08:14] [WARN] Error parsing recipe create:crushing/glacio_ice_shard[create:crushing]: {"forge:conditions":[{"type":"forge:mod_loaded","modid":"ad_astra"},{"type":"forge:mod_loaded","modid":"create"}],"type":"create:crushing","ingredients":[{"item":"ad_astra:glacio_ice_shard_ore"}],"results":[{"item":"ad_astra:ice_shard","count":1},{"item":"ad_astra:ice_shard","count":1,"chance":0.25},{"item":"ad_astra:glacio_cobblestone","count":1,"chance":0.12},{"item":"cp_tweaks:unstable_ice_shard","count":1,"chance":0.02},{"item":"create:experience_nugget","count":1,"chance":0.05}],"processingTime":300}: com.google.gson.JsonSyntaxException: Unknown item 'ad_astra:glacio_ice_shard_ore'
[07:08:14] [WARN] Error parsing recipe create_sa:zinc_axe_recipe[minecraft:crafting_shapeless]: {"type":"minecraft:crafting_shapeless","ingredients":[{"item":"minecraft:air"}],"result":{"item":"minecraft:air"}}: com.google.gson.JsonSyntaxException: Invalid item: minecraft:air
[07:08:14] [INFO] Added 8 recipes, removed 8 recipes, modified 3 recipes, with 79 failed recipes in 476.8 ms
